<?xml version="1.0" encoding="UTF-8"?>
<testsuite xmlns:xsi="http://www.w3.org/2001/XMLSchema-instance" xsi:noNamespaceSchemaLocation="https://maven.apache.org/surefire/maven-surefire-plugin/xsd/surefire-test-report-3.0.xsd" version="3.0" name="com.project.atm.service.UserServiceImplTest" time="0.38" tests="7" errors="0" skipped="0" failures="0">
  <properties>
[...]
</properties>
  <testcase name="testAddUser" classname="com.project.atm.service.UserServiceImplTest" time="0.274"/>
  <testcase name="testGetAllUsers" classname="com.project.atm.service.UserServiceImplTest" time="0.012"/>
  <testcase name="testUpdateUser" classname="com.project.atm.service.UserServiceImplTest" time="0.011"/>
  <testcase name="testDeleteUser" classname="com.project.atm.service.UserServiceImplTest" time="0.015"/>
  <testcase name="testDeposit" classname="com.project.atm.service.UserServiceImplTest" time="0.023"/>
  <testcase name="testWithdrawl" classname="com.project.atm.service.UserServiceImplTest" time="0.01"/>
  <testcase name="testTransfer" classname="com.project.atm.service.UserServiceImplTest" time="0.019"/>
</testsuite>